<?xml version="1.0" encoding="UTF-8"?>
<!-- Generated by org.testng.reporters.JUnitReportReporter -->
<testsuite hostname="IN-PG02LCQP" failures="0" tests="1" name="Test.CartPageTest" time="31.520" errors="0" timestamp="2024-05-02T11:43:56 IST" skipped="0">
  <testcase classname="Test.CartPageTest" name="cart" time="31.520"/>
</testsuite> <!-- Test.CartPageTest -->
